# Logfile created on 2025-09-02 16:29:52 +0200 by logger.rb/v1.5.3
2025-09-02 16:29:52 +0200: Memory Usage (419848K) : Starting running IHP-SG13G2 Klayout DRC runset on /foss/designs/PROJECTS/TO_July2025/30_MHz_Fractional_N_PLL/design_data/gds/FMD_QNC_PLL_3BIT_DIV.gds
2025-09-02 16:29:52 +0200: Memory Usage (419848K) : Ruby Version for klayout: 3.2.3
2025-09-02 16:29:52 +0200: Memory Usage (420924K) : Loading database to memory is complete.
2025-09-02 16:29:52 +0200: Memory Usage (420924K) : IHP-SG13G2 Klayout DRC runset output at: /foss/designs/PROJECTS/TO_July2025/30_MHz_Fractional_N_PLL/design_data/gds/drc_run_FMD_QNC_PLL_3BIT_DIV/FMD_QNC_PLL_3BIT_DIV_FMD_QNC_PLL_3BIT_DIV_main.lyrdb
2025-09-02 16:29:52 +0200: Memory Usage (420924K) : Evaluate switches.
2025-09-02 16:29:52 +0200: Memory Usage (420924K) : table_name selected  main
2025-09-02 16:29:52 +0200: Memory Usage (420924K) : Klayout will use 1 thread(s)
2025-09-02 16:29:52 +0200: Memory Usage (420924K) : deep mode is enabled for main table.
2025-09-02 16:29:52 +0200: Memory Usage (420924K) : FEOL enabled: true
2025-09-02 16:29:52 +0200: Memory Usage (420924K) : BEOL enabled: true
2025-09-02 16:29:52 +0200: Memory Usage (420924K) : OffGrid enabled: true
2025-09-02 16:29:52 +0200: Memory Usage (420924K) : PreCheck DRC enabled: false
2025-09-02 16:29:52 +0200: Memory Usage (420924K) : CONNECTIVITY_RULES enabled: true for table main
2025-09-02 16:29:52 +0200: Memory Usage (420924K) : Read in polygons from layers.
2025-09-02 16:29:52 +0200: Memory Usage (423180K) : activ_drw has 1171 polygons
2025-09-02 16:29:52 +0200: Memory Usage (423180K) : activ_pin has 0 polygons
2025-09-02 16:29:52 +0200: Memory Usage (423504K) : activ_mask has 0 polygons
2025-09-02 16:29:52 +0200: Memory Usage (423504K) : activ_filler has 5289 polygons
2025-09-02 16:29:52 +0200: Memory Usage (423504K) : activ_nofill has 0 polygons
2025-09-02 16:29:52 +0200: Memory Usage (423504K) : activ_opc has 0 polygons
2025-09-02 16:29:52 +0200: Memory Usage (423504K) : activ_iopc has 0 polygons
2025-09-02 16:29:52 +0200: Memory Usage (423504K) : activ_noqrc has 0 polygons
2025-09-02 16:29:52 +0200: Memory Usage (423768K) : biwind_drw has 0 polygons
2025-09-02 16:29:52 +0200: Memory Usage (423768K) : biwind_opc has 0 polygons
2025-09-02 16:29:52 +0200: Memory Usage (423768K) : pemwind_drw has 0 polygons
2025-09-02 16:29:52 +0200: Memory Usage (423768K) : gatpoly_drw has 1046 polygons
2025-09-02 16:29:52 +0200: Memory Usage (423768K) : gatpoly_pin has 71 polygons
2025-09-02 16:29:52 +0200: Memory Usage (423768K) : gatpoly_filler has 5289 polygons
2025-09-02 16:29:52 +0200: Memory Usage (423768K) : gatpoly_nofill has 0 polygons
2025-09-02 16:29:52 +0200: Memory Usage (424032K) : gatpoly_opc has 0 polygons
2025-09-02 16:29:52 +0200: Memory Usage (424032K) : gatpoly_iopc has 0 polygons
2025-09-02 16:29:52 +0200: Memory Usage (424032K) : gatpoly_noqrc has 0 polygons
2025-09-02 16:29:52 +0200: Memory Usage (424032K) : cont_drw has 3916 polygons
2025-09-02 16:29:52 +0200: Memory Usage (424032K) : cont_opc has 0 polygons
2025-09-02 16:29:52 +0200: Memory Usage (424296K) : nsd_drw has 16 polygons
2025-09-02 16:29:52 +0200: Memory Usage (424296K) : nsd_block has 0 polygons
2025-09-02 16:29:52 +0200: Memory Usage (424296K) : metal1_drw has 2186 polygons
2025-09-02 16:29:52 +0200: Memory Usage (424296K) : metal1_pin has 365 polygons
2025-09-02 16:29:52 +0200: Memory Usage (424560K) : metal1_mask has 0 polygons
2025-09-02 16:29:52 +0200: Memory Usage (424560K) : metal1_filler has 5723 polygons
2025-09-02 16:29:52 +0200: Memory Usage (424560K) : metal1_nofill has 0 polygons
2025-09-02 16:29:52 +0200: Memory Usage (424560K) : metal1_slit has 0 polygons
2025-09-02 16:29:52 +0200: Memory Usage (424560K) : metal1_text has 213 polygons
2025-09-02 16:29:52 +0200: Memory Usage (425056K) : metal1_opc has 0 polygons
2025-09-02 16:29:52 +0200: Memory Usage (425056K) : metal1_noqrc has 0 polygons
2025-09-02 16:29:52 +0200: Memory Usage (425056K) : metal1_res has 0 polygons
2025-09-02 16:29:52 +0200: Memory Usage (425056K) : metal1_iprobe has 0 polygons
2025-09-02 16:29:52 +0200: Memory Usage (425056K) : metal1_diffprb has 0 polygons
2025-09-02 16:29:52 +0200: Memory Usage (425320K) : passiv_drw has 24 polygons
2025-09-02 16:29:52 +0200: Memory Usage (425320K) : passiv_pin has 0 polygons
2025-09-02 16:29:52 +0200: Memory Usage (425320K) : passiv_sbump has 0 polygons
2025-09-02 16:29:52 +0200: Memory Usage (425320K) : passiv_pillar has 0 polygons
2025-09-02 16:29:52 +0200: Memory Usage (425320K) : passiv_pdl has 0 polygons
2025-09-02 16:29:52 +0200: Memory Usage (425320K) : metal2_drw has 446 polygons
2025-09-02 16:29:52 +0200: Memory Usage (425584K) : metal2_pin has 119 polygons
2025-09-02 16:29:52 +0200: Memory Usage (425584K) : metal2_mask has 0 polygons
2025-09-02 16:29:52 +0200: Memory Usage (425584K) : metal2_filler has 5682 polygons
2025-09-02 16:29:52 +0200: Memory Usage (425584K) : metal2_nofill has 0 polygons
2025-09-02 16:29:52 +0200: Memory Usage (425584K) : metal2_slit has 0 polygons
2025-09-02 16:29:52 +0200: Memory Usage (425848K) : metal2_text has 116 polygons
2025-09-02 16:29:52 +0200: Memory Usage (425848K) : metal2_opc has 0 polygons
2025-09-02 16:29:52 +0200: Memory Usage (425848K) : metal2_noqrc has 0 polygons
2025-09-02 16:29:52 +0200: Memory Usage (425848K) : metal2_res has 0 polygons
2025-09-02 16:29:52 +0200: Memory Usage (425848K) : metal2_iprobe has 0 polygons
2025-09-02 16:29:52 +0200: Memory Usage (426112K) : metal2_diffprb has 0 polygons
2025-09-02 16:29:52 +0200: Memory Usage (426112K) : baspoly_drw has 0 polygons
2025-09-02 16:29:52 +0200: Memory Usage (426112K) : baspoly_pin has 0 polygons
2025-09-02 16:29:52 +0200: Memory Usage (426112K) : psd_drw has 403 polygons
2025-09-02 16:29:52 +0200: Memory Usage (426112K) : nldb_drw has 0 polygons
2025-09-02 16:29:52 +0200: Memory Usage (426112K) : digibnd_drw has 0 polygons
2025-09-02 16:29:52 +0200: Memory Usage (426112K) : via1_drw has 1054 polygons
2025-09-02 16:29:52 +0200: Memory Usage (426376K) : backmetal1_drw has 0 polygons
2025-09-02 16:29:52 +0200: Memory Usage (426376K) : backmetal1_pin has 0 polygons
2025-09-02 16:29:52 +0200: Memory Usage (426376K) : backmetal1_mask has 0 polygons
2025-09-02 16:29:52 +0200: Memory Usage (426376K) : backmetal1_filler has 0 polygons
2025-09-02 16:29:52 +0200: Memory Usage (426376K) : backmetal1_nofill has 0 polygons
2025-09-02 16:29:52 +0200: Memory Usage (426640K) : backmetal1_slit has 0 polygons
2025-09-02 16:29:52 +0200: Memory Usage (426640K) : backmetal1_text has 0 polygons
2025-09-02 16:29:52 +0200: Memory Usage (426640K) : backmetal1_opc has 0 polygons
2025-09-02 16:29:52 +0200: Memory Usage (426640K) : backmetal1_noqrc has 0 polygons
2025-09-02 16:29:52 +0200: Memory Usage (426640K) : backmetal1_res has 0 polygons
2025-09-02 16:29:52 +0200: Memory Usage (426640K) : backmetal1_iprobe has 0 polygons
2025-09-02 16:29:52 +0200: Memory Usage (426904K) : backmetal1_diffprb has 0 polygons
2025-09-02 16:29:52 +0200: Memory Usage (426904K) : backpassiv_drw has 0 polygons
2025-09-02 16:29:52 +0200: Memory Usage (426904K) : res_drw has 0 polygons
2025-09-02 16:29:52 +0200: Memory Usage (426904K) : sram_drw has 0 polygons
2025-09-02 16:29:52 +0200: Memory Usage (426904K) : trans_drw has 0 polygons
2025-09-02 16:29:52 +0200: Memory Usage (427168K) : ind_drw has 0 polygons
2025-09-02 16:29:52 +0200: Memory Usage (427168K) : ind_pin has 0 polygons
2025-09-02 16:29:52 +0200: Memory Usage (427168K) : ind_text has 0 polygons
2025-09-02 16:29:52 +0200: Memory Usage (427168K) : salblock_drw has 4 polygons
2025-09-02 16:29:52 +0200: Memory Usage (427168K) : via2_drw has 460 polygons
2025-09-02 16:29:52 +0200: Memory Usage (427432K) : metal3_drw has 139 polygons
2025-09-02 16:29:52 +0200: Memory Usage (427432K) : metal3_pin has 17 polygons
2025-09-02 16:29:52 +0200: Memory Usage (427432K) : metal3_mask has 0 polygons
2025-09-02 16:29:52 +0200: Memory Usage (427432K) : metal3_filler has 3428 polygons
2025-09-02 16:29:52 +0200: Memory Usage (427432K) : metal3_nofill has 0 polygons
2025-09-02 16:29:52 +0200: Memory Usage (427432K) : metal3_slit has 0 polygons
2025-09-02 16:29:52 +0200: Memory Usage (427696K) : metal3_text has 16 polygons
2025-09-02 16:29:52 +0200: Memory Usage (427696K) : metal3_opc has 0 polygons
2025-09-02 16:29:52 +0200: Memory Usage (427696K) : metal3_noqrc has 0 polygons
2025-09-02 16:29:52 +0200: Memory Usage (427696K) : metal3_res has 0 polygons
2025-09-02 16:29:52 +0200: Memory Usage (427696K) : metal3_iprobe has 0 polygons
2025-09-02 16:29:52 +0200: Memory Usage (427696K) : metal3_diffprb has 0 polygons
2025-09-02 16:29:52 +0200: Memory Usage (427696K) : nwell_drw has 189 polygons
2025-09-02 16:29:52 +0200: Memory Usage (427960K) : nwell_pin has 0 polygons
2025-09-02 16:29:52 +0200: Memory Usage (427960K) : nbulay_drw has 0 polygons
2025-09-02 16:29:52 +0200: Memory Usage (427960K) : nbulay_pin has 0 polygons
2025-09-02 16:29:52 +0200: Memory Usage (427960K) : nbulay_block has 0 polygons
2025-09-02 16:29:52 +0200: Memory Usage (427960K) : emwind_drw has 0 polygons
2025-09-02 16:29:52 +0200: Memory Usage (427960K) : emwind_opc has 0 polygons
2025-09-02 16:29:52 +0200: Memory Usage (427960K) : deepco_drw has 0 polygons
2025-09-02 16:29:52 +0200: Memory Usage (428224K) : deepco_drw has 0 polygons
2025-09-02 16:29:52 +0200: Memory Usage (428224K) : mim_drw has 11 polygons
2025-09-02 16:29:52 +0200: Memory Usage (428224K) : edgeseal_drw has 24 polygons
2025-09-02 16:29:52 +0200: Memory Usage (428224K) : edgeseal_bound has 1 polygons
2025-09-02 16:29:52 +0200: Memory Usage (428224K) : substrate_drw has 109 polygons
2025-09-02 16:29:52 +0200: Memory Usage (428224K) : substrate_text has 0 polygons
2025-09-02 16:29:52 +0200: Memory Usage (428488K) : dfpad_drw has 12 polygons
2025-09-02 16:29:52 +0200: Memory Usage (428488K) : dfpad_pillar has 0 polygons
2025-09-02 16:29:52 +0200: Memory Usage (428488K) : dfpad_sbump has 0 polygons
2025-09-02 16:29:52 +0200: Memory Usage (428488K) : thickgateox_drw has 0 polygons
2025-09-02 16:29:52 +0200: Memory Usage (428488K) : pldb_drw has 0 polygons
2025-09-02 16:29:52 +0200: Memory Usage (428488K) : pwell_drw has 0 polygons
2025-09-02 16:29:52 +0200: Memory Usage (428752K) : pwell_pin has 0 polygons
2025-09-02 16:29:52 +0200: Memory Usage (428752K) : pwell_block has 0 polygons
2025-09-02 16:29:52 +0200: Memory Usage (428752K) : ic_drw has 0 polygons
2025-09-02 16:29:52 +0200: Memory Usage (429544K) : via3_drw has 22689 polygons
2025-09-02 16:29:52 +0200: Memory Usage (429640K) : metal4_drw has 70 polygons
2025-09-02 16:29:52 +0200: Memory Usage (429640K) : metal4_pin has 0 polygons
2025-09-02 16:29:52 +0200: Memory Usage (429640K) : metal4_mask has 0 polygons
2025-09-02 16:29:52 +0200: Memory Usage (429640K) : metal4_filler has 3374 polygons
2025-09-02 16:29:52 +0200: Memory Usage (429640K) : metal4_nofill has 0 polygons
2025-09-02 16:29:52 +0200: Memory Usage (429640K) : metal4_slit has 0 polygons
2025-09-02 16:29:52 +0200: Memory Usage (429640K) : metal4_text has 0 polygons
2025-09-02 16:29:52 +0200: Memory Usage (429640K) : metal4_opc has 0 polygons
2025-09-02 16:29:52 +0200: Memory Usage (429640K) : metal4_noqrc has 0 polygons
2025-09-02 16:29:52 +0200: Memory Usage (429640K) : metal4_res has 0 polygons
2025-09-02 16:29:52 +0200: Memory Usage (429640K) : metal4_iprobe has 0 polygons
2025-09-02 16:29:52 +0200: Memory Usage (429640K) : metal4_diffprb has 0 polygons
2025-09-02 16:29:52 +0200: Memory Usage (429640K) : heattrans_drw has 257 polygons
2025-09-02 16:29:52 +0200: Memory Usage (429640K) : heatres_drw has 4 polygons
2025-09-02 16:29:52 +0200: Memory Usage (429640K) : pempoly_drw has 0 polygons
2025-09-02 16:29:52 +0200: Memory Usage (429640K) : fbe_drw has 0 polygons
2025-09-02 16:29:52 +0200: Memory Usage (429640K) : empoly_drw has 0 polygons
2025-09-02 16:29:52 +0200: Memory Usage (429900K) : ldmos_drw has 0 polygons
2025-09-02 16:29:52 +0200: Memory Usage (429900K) : pbiwind_drw has 0 polygons
2025-09-02 16:29:52 +0200: Memory Usage (429900K) : digisub_drw has 0 polygons
2025-09-02 16:29:52 +0200: Memory Usage (429900K) : nodrc_drw has 0 polygons
2025-09-02 16:29:52 +0200: Memory Usage (429900K) : text_drw has 186 polygons
2025-09-02 16:29:52 +0200: Memory Usage (430692K) : via4_drw has 21731 polygons
2025-09-02 16:29:52 +0200: Memory Usage (430692K) : metal5_drw has 76 polygons
2025-09-02 16:29:52 +0200: Memory Usage (430692K) : metal5_pin has 0 polygons
2025-09-02 16:29:52 +0200: Memory Usage (430692K) : metal5_mask has 0 polygons
2025-09-02 16:29:52 +0200: Memory Usage (430692K) : metal5_filler has 3308 polygons
2025-09-02 16:29:52 +0200: Memory Usage (430692K) : metal5_nofill has 0 polygons
2025-09-02 16:29:52 +0200: Memory Usage (430692K) : metal5_slit has 0 polygons
2025-09-02 16:29:52 +0200: Memory Usage (430692K) : metal5_text has 0 polygons
2025-09-02 16:29:52 +0200: Memory Usage (430692K) : metal5_opc has 0 polygons
2025-09-02 16:29:52 +0200: Memory Usage (430692K) : metal5_noqrc has 0 polygons
2025-09-02 16:29:52 +0200: Memory Usage (430692K) : metal5_res has 0 polygons
2025-09-02 16:29:52 +0200: Memory Usage (430956K) : metal5_iprobe has 0 polygons
2025-09-02 16:29:52 +0200: Memory Usage (430956K) : metal5_diffprb has 0 polygons
2025-09-02 16:29:52 +0200: Memory Usage (430956K) : radhard_drw has 0 polygons
2025-09-02 16:29:52 +0200: Memory Usage (430956K) : memcap_drw has 0 polygons
2025-09-02 16:29:52 +0200: Memory Usage (430956K) : varicap_drw has 0 polygons
2025-09-02 16:29:52 +0200: Memory Usage (430956K) : flash_drw has 0 polygons
2025-09-02 16:29:52 +0200: Memory Usage (431220K) : intbondvia_drw has 0 polygons
2025-09-02 16:29:52 +0200: Memory Usage (431220K) : intbondmet_drw has 0 polygons
2025-09-02 16:29:52 +0200: Memory Usage (431220K) : devbondvia_drw has 0 polygons
2025-09-02 16:29:52 +0200: Memory Usage (431220K) : devbondmet_drw has 0 polygons
2025-09-02 16:29:52 +0200: Memory Usage (431220K) : devtrench_drw has 0 polygons
2025-09-02 16:29:52 +0200: Memory Usage (431484K) : redist_drw has 0 polygons
2025-09-02 16:29:52 +0200: Memory Usage (431484K) : graphbot_drw has 0 polygons
2025-09-02 16:29:52 +0200: Memory Usage (431484K) : graphtop_drw has 0 polygons
2025-09-02 16:29:52 +0200: Memory Usage (431484K) : antvia1_drw has 0 polygons
2025-09-02 16:29:52 +0200: Memory Usage (431484K) : antmetal2_drw has 0 polygons
2025-09-02 16:29:52 +0200: Memory Usage (431484K) : graphcont_drw has 0 polygons
2025-09-02 16:29:52 +0200: Memory Usage (431748K) : siwg_drw has 0 polygons
2025-09-02 16:29:52 +0200: Memory Usage (431772K) : siwg_filler has 0 polygons
2025-09-02 16:29:52 +0200: Memory Usage (431772K) : siwg_nofill has 0 polygons
2025-09-02 16:29:52 +0200: Memory Usage (431772K) : sigrating_drw has 0 polygons
2025-09-02 16:29:52 +0200: Memory Usage (431772K) : singrating_drw has 0 polygons
2025-09-02 16:29:52 +0200: Memory Usage (432032K) : graphpas_drw has 0 polygons
2025-09-02 16:29:52 +0200: Memory Usage (432032K) : emwind3_drw has 0 polygons
2025-09-02 16:29:52 +0200: Memory Usage (432032K) : emwihv3_drw has 0 polygons
2025-09-02 16:29:52 +0200: Memory Usage (432032K) : redbulay_drw has 0 polygons
2025-09-02 16:29:52 +0200: Memory Usage (432032K) : smos_drw has 0 polygons
2025-09-02 16:29:52 +0200: Memory Usage (432032K) : graphpad_drw has 0 polygons
2025-09-02 16:29:52 +0200: Memory Usage (432296K) : polimide_drw has 0 polygons
2025-09-02 16:29:52 +0200: Memory Usage (432296K) : polimide_pin has 0 polygons
2025-09-02 16:29:52 +0200: Memory Usage (432296K) : recog_drw has 0 polygons
2025-09-02 16:29:52 +0200: Memory Usage (432296K) : recog_pin has 0 polygons
2025-09-02 16:29:52 +0200: Memory Usage (432296K) : recog_esd has 0 polygons
2025-09-02 16:29:52 +0200: Memory Usage (432296K) : recog_diode has 0 polygons
2025-09-02 16:29:52 +0200: Memory Usage (432560K) : recog_tsv has 0 polygons
2025-09-02 16:29:52 +0200: Memory Usage (432560K) : recog_iprobe has 0 polygons
2025-09-02 16:29:52 +0200: Memory Usage (432560K) : recog_diffprb has 0 polygons
2025-09-02 16:29:52 +0200: Memory Usage (432560K) : recog_pillar has 0 polygons
2025-09-02 16:29:52 +0200: Memory Usage (432560K) : recog_sbump has 0 polygons
2025-09-02 16:29:52 +0200: Memory Usage (432560K) : recog_otp has 0 polygons
2025-09-02 16:29:52 +0200: Memory Usage (432824K) : recog_pdiode has 0 polygons
2025-09-02 16:29:52 +0200: Memory Usage (432824K) : recog_mom has 0 polygons
2025-09-02 16:29:52 +0200: Memory Usage (432824K) : recog_pcm has 0 polygons
2025-09-02 16:29:52 +0200: Memory Usage (432824K) : colopen_drw has 0 polygons
2025-09-02 16:29:52 +0200: Memory Usage (432824K) : graphmetal1_drw has 0 polygons
2025-09-02 16:29:52 +0200: Memory Usage (433088K) : graphmetal1_filler has 0 polygons
2025-09-02 16:29:52 +0200: Memory Usage (433088K) : graphmetal1_nofill has 0 polygons
2025-09-02 16:29:52 +0200: Memory Usage (433088K) : graphmetal1_slit has 0 polygons
2025-09-02 16:29:52 +0200: Memory Usage (433088K) : graphmetal1_opc has 0 polygons
2025-09-02 16:29:52 +0200: Memory Usage (433088K) : graphmet1l_drw has 0 polygons
2025-09-02 16:29:52 +0200: Memory Usage (433088K) : graphmet1l_filler has 0 polygons
2025-09-02 16:29:52 +0200: Memory Usage (433088K) : graphmet1l_nofill has 0 polygons
2025-09-02 16:29:52 +0200: Memory Usage (433088K) : graphmet1l_slit has 0 polygons
2025-09-02 16:29:52 +0200: Memory Usage (433088K) : graphmet1l_opc has 0 polygons
2025-09-02 16:29:52 +0200: Memory Usage (433088K) : extblock_drw has 12 polygons
2025-09-02 16:29:52 +0200: Memory Usage (433088K) : nldd_drw has 0 polygons
2025-09-02 16:29:52 +0200: Memory Usage (433088K) : pldd_drw has 0 polygons
2025-09-02 16:29:53 +0200: Memory Usage (433088K) : next_drw has 0 polygons
2025-09-02 16:29:53 +0200: Memory Usage (433088K) : pext_drw has 0 polygons
2025-09-02 16:29:53 +0200: Memory Usage (433088K) : nexthv_drw has 0 polygons
2025-09-02 16:29:53 +0200: Memory Usage (433088K) : pexthv_drw has 0 polygons
2025-09-02 16:29:53 +0200: Memory Usage (433088K) : graphgate_drw has 0 polygons
2025-09-02 16:29:53 +0200: Memory Usage (433088K) : sinwg_drw has 0 polygons
2025-09-02 16:29:53 +0200: Memory Usage (433088K) : sinwg_filler has 0 polygons
2025-09-02 16:29:53 +0200: Memory Usage (433088K) : sinwg_nofill has 0 polygons
2025-09-02 16:29:53 +0200: Memory Usage (433088K) : mempad_drw has 0 polygons
2025-09-02 16:29:53 +0200: Memory Usage (433088K) : topvia1_drw has 7123 polygons
2025-09-02 16:29:53 +0200: Memory Usage (433088K) : topmetal1_drw has 67 polygons
2025-09-02 16:29:53 +0200: Memory Usage (433088K) : topmetal1_pin has 0 polygons
2025-09-02 16:29:53 +0200: Memory Usage (433088K) : topmetal1_mask has 0 polygons
2025-09-02 16:29:53 +0200: Memory Usage (433088K) : topmetal1_filler has 602 polygons
2025-09-02 16:29:53 +0200: Memory Usage (433088K) : topmetal1_nofill has 0 polygons
2025-09-02 16:29:53 +0200: Memory Usage (433088K) : topmetal1_slit has 0 polygons
2025-09-02 16:29:53 +0200: Memory Usage (433088K) : topmetal1_text has 0 polygons
2025-09-02 16:29:53 +0200: Memory Usage (433088K) : topmetal1_noqrc has 0 polygons
2025-09-02 16:29:53 +0200: Memory Usage (433088K) : topmetal1_res has 0 polygons
2025-09-02 16:29:53 +0200: Memory Usage (433088K) : topmetal1_iprobe has 0 polygons
2025-09-02 16:29:53 +0200: Memory Usage (433088K) : topmetal1_diffprb has 0 polygons
2025-09-02 16:29:53 +0200: Memory Usage (433088K) : inldpwl_drw has 0 polygons
2025-09-02 16:29:53 +0200: Memory Usage (433088K) : polyres_drw has 4 polygons
2025-09-02 16:29:53 +0200: Memory Usage (433088K) : polyres_pin has 0 polygons
2025-09-02 16:29:53 +0200: Memory Usage (433088K) : vmim_drw has 275 polygons
2025-09-02 16:29:53 +0200: Memory Usage (433088K) : nbulaycut_drw has 0 polygons
2025-09-02 16:29:53 +0200: Memory Usage (433088K) : antmetal1_drw has 0 polygons
2025-09-02 16:29:53 +0200: Memory Usage (433088K) : topvia2_drw has 1308 polygons
2025-09-02 16:29:53 +0200: Memory Usage (433088K) : topmetal2_drw has 36 polygons
2025-09-02 16:29:53 +0200: Memory Usage (433088K) : topmetal2_pin has 0 polygons
2025-09-02 16:29:53 +0200: Memory Usage (433088K) : topmetal2_mask has 0 polygons
2025-09-02 16:29:53 +0200: Memory Usage (433088K) : topmetal2_filler has 623 polygons
2025-09-02 16:29:53 +0200: Memory Usage (433088K) : topmetal2_nofill has 0 polygons
2025-09-02 16:29:53 +0200: Memory Usage (433088K) : topmetal2_slit has 0 polygons
2025-09-02 16:29:53 +0200: Memory Usage (433088K) : topmetal2_text has 0 polygons
2025-09-02 16:29:53 +0200: Memory Usage (433088K) : topmetal2_noqrc has 0 polygons
2025-09-02 16:29:53 +0200: Memory Usage (433088K) : topmetal2_res has 0 polygons
2025-09-02 16:29:53 +0200: Memory Usage (433088K) : topmetal2_iprobe has 0 polygons
2025-09-02 16:29:53 +0200: Memory Usage (433088K) : topmetal2_diffprb has 0 polygons
2025-09-02 16:29:53 +0200: Memory Usage (433088K) : snsring_drw has 0 polygons
2025-09-02 16:29:53 +0200: Memory Usage (433088K) : sensor_drw has 0 polygons
2025-09-02 16:29:53 +0200: Memory Usage (433088K) : snsarms_drw has 0 polygons
2025-09-02 16:29:53 +0200: Memory Usage (433088K) : snscmosvia_drw has 0 polygons
2025-09-02 16:29:53 +0200: Memory Usage (433088K) : colwind_drw has 0 polygons
2025-09-02 16:29:53 +0200: Memory Usage (433088K) : flm_drw has 0 polygons
2025-09-02 16:29:53 +0200: Memory Usage (433088K) : hafniumox_drw has 0 polygons
2025-09-02 16:29:53 +0200: Memory Usage (433088K) : memvia_drw has 0 polygons
2025-09-02 16:29:53 +0200: Memory Usage (433088K) : thinfilmres_drw has 0 polygons
2025-09-02 16:29:53 +0200: Memory Usage (433088K) : rfmem_drw has 0 polygons
2025-09-02 16:29:53 +0200: Memory Usage (433088K) : norcx_drw has 0 polygons
2025-09-02 16:29:53 +0200: Memory Usage (433088K) : norcx_m2m3 has 0 polygons
2025-09-02 16:29:53 +0200: Memory Usage (433088K) : norcx_m2m4 has 0 polygons
2025-09-02 16:29:53 +0200: Memory Usage (433088K) : norcx_m2m5 has 0 polygons
2025-09-02 16:29:53 +0200: Memory Usage (433088K) : norcx_m2tm1 has 0 polygons
2025-09-02 16:29:53 +0200: Memory Usage (433088K) : norcx_m2tm2 has 0 polygons
2025-09-02 16:29:53 +0200: Memory Usage (433088K) : norcx_m3m4 has 0 polygons
2025-09-02 16:29:53 +0200: Memory Usage (433088K) : norcx_m3m5 has 0 polygons
2025-09-02 16:29:53 +0200: Memory Usage (433088K) : norcx_m3tm1 has 0 polygons
2025-09-02 16:29:53 +0200: Memory Usage (433088K) : norcx_m3tm2 has 0 polygons
2025-09-02 16:29:53 +0200: Memory Usage (433088K) : norcx_m4m5 has 0 polygons
2025-09-02 16:29:53 +0200: Memory Usage (433088K) : norcx_m4tm1 has 0 polygons
2025-09-02 16:29:53 +0200: Memory Usage (433088K) : norcx_m4tm2 has 0 polygons
2025-09-02 16:29:53 +0200: Memory Usage (433088K) : norcx_m5tm1 has 0 polygons
2025-09-02 16:29:53 +0200: Memory Usage (433088K) : norcx_m5tm2 has 0 polygons
2025-09-02 16:29:53 +0200: Memory Usage (433088K) : norcx_tm1tm2 has 0 polygons
2025-09-02 16:29:53 +0200: Memory Usage (433088K) : norcx_m1sub has 0 polygons
2025-09-02 16:29:53 +0200: Memory Usage (433088K) : norcx_m2sub has 0 polygons
2025-09-02 16:29:53 +0200: Memory Usage (433088K) : norcx_m3sub has 0 polygons
2025-09-02 16:29:53 +0200: Memory Usage (433088K) : norcx_m4sub has 0 polygons
2025-09-02 16:29:53 +0200: Memory Usage (433088K) : norcx_m5sub has 0 polygons
2025-09-02 16:29:53 +0200: Memory Usage (433088K) : norcx_tm1sub has 0 polygons
2025-09-02 16:29:53 +0200: Memory Usage (433088K) : norcx_tm2sub has 0 polygons
2025-09-02 16:29:53 +0200: Memory Usage (433088K) : snsbotvia_drw has 0 polygons
2025-09-02 16:29:53 +0200: Memory Usage (433088K) : snstopvia_drw has 0 polygons
2025-09-02 16:29:53 +0200: Memory Usage (433088K) : deepvia_drw has 0 polygons
2025-09-02 16:29:53 +0200: Memory Usage (433088K) : fgetch_drw has 0 polygons
2025-09-02 16:29:53 +0200: Memory Usage (433088K) : ctrgat_drw has 0 polygons
2025-09-02 16:29:53 +0200: Memory Usage (433088K) : fgimp_drw has 0 polygons
2025-09-02 16:29:53 +0200: Memory Usage (433088K) : emwihv_drw has 0 polygons
2025-09-02 16:29:53 +0200: Memory Usage (433088K) : lbe_drw has 0 polygons
2025-09-02 16:29:53 +0200: Memory Usage (433088K) : alcustop_drw has 0 polygons
2025-09-02 16:29:53 +0200: Memory Usage (433088K) : nometfiller_drw has 0 polygons
2025-09-02 16:29:53 +0200: Memory Usage (433088K) : prboundary_drw has 0 polygons
2025-09-02 16:29:53 +0200: Memory Usage (433088K) : exchange0_drw has 0 polygons
2025-09-02 16:29:53 +0200: Memory Usage (433088K) : exchange0_pin has 0 polygons
2025-09-02 16:29:53 +0200: Memory Usage (433088K) : exchange0_text has 0 polygons
2025-09-02 16:29:53 +0200: Memory Usage (433088K) : exchange1_drw has 0 polygons
2025-09-02 16:29:53 +0200: Memory Usage (433088K) : exchange1_pin has 0 polygons
2025-09-02 16:29:53 +0200: Memory Usage (433088K) : exchange1_text has 0 polygons
2025-09-02 16:29:53 +0200: Memory Usage (433088K) : exchange2_drw has 0 polygons
2025-09-02 16:29:53 +0200: Memory Usage (433088K) : exchange2_pin has 0 polygons
2025-09-02 16:29:53 +0200: Memory Usage (433088K) : exchange2_text has 0 polygons
2025-09-02 16:29:53 +0200: Memory Usage (433088K) : exchange3_drw has 0 polygons
2025-09-02 16:29:53 +0200: Memory Usage (433088K) : exchange3_pin has 0 polygons
2025-09-02 16:29:53 +0200: Memory Usage (433088K) : exchange3_text has 0 polygons
2025-09-02 16:29:53 +0200: Memory Usage (433088K) : exchange4_drw has 0 polygons
2025-09-02 16:29:53 +0200: Memory Usage (433088K) : exchange4_pin has 0 polygons
2025-09-02 16:29:53 +0200: Memory Usage (433088K) : exchange4_text has 0 polygons
2025-09-02 16:29:53 +0200: Memory Usage (433088K) : isonwell_drw has 0 polygons
2025-09-02 16:29:53 +0200: Memory Usage (433088K) : Total no. of polygons in the design is 99284
2025-09-02 16:29:53 +0200: Memory Usage (433088K) : Loaded TECH DRC rules values from /foss/designs/PDKs/IHP-Open-PDK/ihp-sg13g2/libs.tech/klayout/python/sg13g2_pycell_lib/sg13g2_tech_mod.json
2025-09-02 16:29:53 +0200: Memory Usage (433088K) : Loaded default DRC rules values from /foss/designs/PDKs/IHP-Open-PDK/ihp-sg13g2/libs.tech/klayout/tech/drc/rule_decks/sg13g2_tech_default.json
2025-09-02 16:29:53 +0200: Memory Usage (433088K) : Total area of the design is 160000.0 um^2.
2025-09-02 16:29:53 +0200: Memory Usage (433088K) : The design dimensions are 400.0 µm * 400.0 µm.
2025-09-02 16:29:53 +0200: Memory Usage (433088K) : Starting general IHP-SG13G2 derivations.
2025-09-02 16:29:53 +0200: Memory Usage (433088K) : Starting Pwell derivations
2025-09-02 16:29:53 +0200: Memory Usage (434772K) : Starting n-Activ derivations
2025-09-02 16:29:53 +0200: Memory Usage (435352K) : Starting p-Activ derivations
2025-09-02 16:29:53 +0200: Memory Usage (435356K) : Starting ptap derivations
2025-09-02 16:29:53 +0200: Memory Usage (435388K) : Starting ntap derivations
2025-09-02 16:29:53 +0200: Memory Usage (435388K) : Starting pact FET derivations
2025-09-02 16:29:53 +0200: Memory Usage (435388K) : Starting nact FET derivations
2025-09-02 16:29:53 +0200: Memory Usage (435388K) : Starting Gate derivations
2025-09-02 16:29:53 +0200: Memory Usage (435388K) : Starting cont/contbar general derivations
2025-09-02 16:29:53 +0200: Memory Usage (435388K) : Starting pad general derivations
2025-09-02 16:29:53 +0200: Memory Usage (435388K) : Starting IHP-SG13G2 DRC connectivity related derivations.
2025-09-02 16:29:53 +0200: Memory Usage (436536K) : Starting IHP-SG13G2 DRC connectivity setup
2025-09-02 16:29:53 +0200: Memory Usage (444152K) : Starting IHP-SG13G2 DRC rules.
2025-09-02 16:29:53 +0200: Memory Usage (444152K) : Running all FEOL rules
2025-09-02 16:29:53 +0200: Memory Usage (444152K) : Running all BEOL rules
2025-09-02 16:29:53 +0200: Memory Usage (444152K) : Starting 3.2. FORBIDDEN table
2025-09-02 16:29:53 +0200: Memory Usage (444152K) : Executing rule forbidden.biwind
2025-09-02 16:29:53 +0200: Memory Usage (444152K) : Executing rule forbidden.pemwind
2025-09-02 16:29:53 +0200: Memory Usage (444152K) : Executing rule forbidden.baspoly
2025-09-02 16:29:53 +0200: Memory Usage (444152K) : Executing rule forbidden.deepco
2025-09-02 16:29:53 +0200: Memory Usage (444152K) : Executing rule forbidden.pempoly
2025-09-02 16:29:53 +0200: Memory Usage (444152K) : Executing rule forbidden.empoly
2025-09-02 16:29:53 +0200: Memory Usage (444152K) : Executing rule forbidden.ldmos
2025-09-02 16:29:53 +0200: Memory Usage (444152K) : Executing rule forbidden.pbiwind
2025-09-02 16:29:53 +0200: Memory Usage (444152K) : Executing rule forbidden.nodrc
2025-09-02 16:29:53 +0200: Memory Usage (444152K) : Executing rule forbidden.flash
2025-09-02 16:29:53 +0200: Memory Usage (444152K) : Executing rule forbidden.colwind
2025-09-02 16:29:53 +0200: Memory Usage (444152K) : Starting 5.1 NWell table
2025-09-02 16:29:53 +0200: Memory Usage (444152K) : Executing rule NW.b
2025-09-02 16:29:53 +0200: Memory Usage (444408K) : Executing rule NW.b1
2025-09-02 16:29:53 +0200: Memory Usage (444408K) : Starting 5.2 PWell:block
2025-09-02 16:29:53 +0200: Memory Usage (444408K) : Executing rule PWB.e
2025-09-02 16:29:53 +0200: Memory Usage (444408K) : Executing rule PWB.e1
2025-09-02 16:29:53 +0200: Memory Usage (444408K) : Executing rule PWB.f
2025-09-02 16:29:53 +0200: Memory Usage (444408K) : Executing rule PWB.f1
2025-09-02 16:29:53 +0200: Memory Usage (444408K) : Starting 5.3 nBuLay table
2025-09-02 16:29:53 +0200: Memory Usage (444408K) : Executing rule NBL.b
2025-09-02 16:29:53 +0200: Memory Usage (444408K) : Executing rule NBL.c
2025-09-02 16:29:53 +0200: Memory Usage (444408K) : Executing rule NBL.d
2025-09-02 16:29:53 +0200: Memory Usage (444408K) : Executing rule NBL.e
2025-09-02 16:29:53 +0200: Memory Usage (444408K) : Executing rule NBL.f
2025-09-02 16:29:53 +0200: Memory Usage (444408K) : Starting 5.5. Activ table
2025-09-02 16:29:53 +0200: Memory Usage (444408K) : Executing rule Act.a
2025-09-02 16:29:53 +0200: Memory Usage (444408K) : Executing rule Act.b
2025-09-02 16:29:53 +0200: Memory Usage (444472K) : Starting 5.6 Activ:filler table
2025-09-02 16:29:53 +0200: Memory Usage (444472K) : Executing rule AFil.c1
2025-09-02 16:29:53 +0200: Memory Usage (446828K) : Executing rule AFil.c
2025-09-02 16:29:53 +0200: Memory Usage (444648K) : Executing rule AFil.d
2025-09-02 16:29:53 +0200: Memory Usage (444648K) : Executing rule AFil.e
2025-09-02 16:29:53 +0200: Memory Usage (444648K) : Executing rule AFil.j
2025-09-02 16:29:53 +0200: Memory Usage (444648K) : Starting 5.7. ThickGateOx table
2025-09-02 16:29:53 +0200: Memory Usage (444648K) : Executing rule TGO.f
2025-09-02 16:29:53 +0200: Memory Usage (444648K) : Starting 5.8. GatPoly table
2025-09-02 16:29:53 +0200: Memory Usage (444648K) : Executing rule Gat.a
2025-09-02 16:29:53 +0200: Memory Usage (444648K) : Executing rule Gat.b
2025-09-02 16:29:54 +0200: Memory Usage (444700K) : Executing rule Gat.d
2025-09-02 16:29:54 +0200: Memory Usage (444700K) : Executing rule Gat.a1
2025-09-02 16:29:54 +0200: Memory Usage (444732K) : Executing rule Gat.a2
2025-09-02 16:29:54 +0200: Memory Usage (444732K) : Executing rule Gat.g
2025-09-02 16:29:54 +0200: Memory Usage (444732K) : Starting 5.9 GatPoly:filler
2025-09-02 16:29:54 +0200: Memory Usage (444732K) : Executing rule GFil.d
2025-09-02 16:29:54 +0200: Memory Usage (447020K) : Executing rule GFil.e
2025-09-02 16:29:54 +0200: Memory Usage (447020K) : Executing rule GFil.i
2025-09-02 16:29:54 +0200: Memory Usage (447020K) : Starting 5.10 pSD table
2025-09-02 16:29:54 +0200: Memory Usage (447020K) : Executing rule pSD.c1
2025-09-02 16:29:54 +0200: Memory Usage (447020K) : Starting 5.14. Cont table
2025-09-02 16:29:54 +0200: Memory Usage (447020K) : Executing rule Cnt.a
2025-09-02 16:29:54 +0200: Memory Usage (447020K) : Executing rule Cnt.b
2025-09-02 16:29:54 +0200: Memory Usage (447020K) : Executing rule Cnt.c
2025-09-02 16:29:54 +0200: Memory Usage (447020K) : Executing rule Cnt.d
2025-09-02 16:29:54 +0200: Memory Usage (447020K) : Executing rule Cnt.e
2025-09-02 16:29:54 +0200: Memory Usage (447020K) : Executing rule Cnt.g1
2025-09-02 16:29:54 +0200: Memory Usage (447020K) : Executing rule Cnt.g2
2025-09-02 16:29:54 +0200: Memory Usage (447020K) : Starting 5.15. ContBar table
2025-09-02 16:29:54 +0200: Memory Usage (447020K) : Executing rule CntB.b1
2025-09-02 16:29:54 +0200: Memory Usage (447020K) : Executing rule CntB.h1
2025-09-02 16:29:54 +0200: Memory Usage (447020K) : Starting 5.16. Metal1 table
2025-09-02 16:29:54 +0200: Memory Usage (447020K) : Executing rule M1.a
2025-09-02 16:29:54 +0200: Memory Usage (447020K) : Executing rule M1.b
2025-09-02 16:29:54 +0200: Memory Usage (447020K) : Executing rule M1.e
2025-09-02 16:29:54 +0200: Memory Usage (447020K) : Executing rule M1.f
2025-09-02 16:29:54 +0200: Memory Usage (447020K) : Executing rule M1.g
2025-09-02 16:29:54 +0200: Memory Usage (447020K) : Executing rule M1.i
2025-09-02 16:29:54 +0200: Memory Usage (447020K) : Starting 5.17 Metaln table
2025-09-02 16:29:54 +0200: Memory Usage (447020K) : Executing rule M2.a
2025-09-02 16:29:54 +0200: Memory Usage (447020K) : Executing rule M2.b
2025-09-02 16:29:54 +0200: Memory Usage (447020K) : Executing rule M2.e
2025-09-02 16:29:54 +0200: Memory Usage (447020K) : Executing rule M2.f
2025-09-02 16:29:54 +0200: Memory Usage (447020K) : Executing rule M2.g
2025-09-02 16:29:54 +0200: Memory Usage (447020K) : Executing rule M2.i
2025-09-02 16:29:54 +0200: Memory Usage (447020K) : Executing rule M3.a
2025-09-02 16:29:54 +0200: Memory Usage (447020K) : Executing rule M3.b
2025-09-02 16:29:54 +0200: Memory Usage (447020K) : Executing rule M3.e
2025-09-02 16:29:54 +0200: Memory Usage (447020K) : Executing rule M3.f
2025-09-02 16:29:54 +0200: Memory Usage (447020K) : Executing rule M3.g
2025-09-02 16:29:54 +0200: Memory Usage (447020K) : Executing rule M3.i
2025-09-02 16:29:54 +0200: Memory Usage (447020K) : Executing rule M4.a
2025-09-02 16:29:54 +0200: Memory Usage (447020K) : Executing rule M4.b
2025-09-02 16:29:54 +0200: Memory Usage (447020K) : Executing rule M4.e
2025-09-02 16:29:54 +0200: Memory Usage (447020K) : Executing rule M4.f
2025-09-02 16:29:54 +0200: Memory Usage (447020K) : Executing rule M4.g
2025-09-02 16:29:54 +0200: Memory Usage (447020K) : Executing rule M4.i
2025-09-02 16:29:54 +0200: Memory Usage (447020K) : Executing rule M5.a
2025-09-02 16:29:54 +0200: Memory Usage (447020K) : Executing rule M5.b
2025-09-02 16:29:54 +0200: Memory Usage (447020K) : Executing rule M5.e
2025-09-02 16:29:54 +0200: Memory Usage (447020K) : Executing rule M5.f
2025-09-02 16:29:54 +0200: Memory Usage (447020K) : Executing rule M5.g
2025-09-02 16:29:54 +0200: Memory Usage (447020K) : Executing rule M5.i
2025-09-02 16:29:54 +0200: Memory Usage (447020K) : Starting 5.18 Metaln:filler table
2025-09-02 16:29:54 +0200: Memory Usage (447020K) : Executing rule M1Fil.c
2025-09-02 16:29:55 +0200: Memory Usage (447640K) : Executing rule M1Fil.a2
2025-09-02 16:29:55 +0200: Memory Usage (447640K) : Executing rule M2Fil.c
2025-09-02 16:29:55 +0200: Memory Usage (447640K) : Executing rule M2Fil.a2
2025-09-02 16:29:55 +0200: Memory Usage (447640K) : Executing rule M3Fil.c
2025-09-02 16:29:55 +0200: Memory Usage (447640K) : Executing rule M3Fil.a2
2025-09-02 16:29:55 +0200: Memory Usage (447640K) : Executing rule M4Fil.c
2025-09-02 16:29:55 +0200: Memory Usage (447640K) : Executing rule M4Fil.a2
2025-09-02 16:29:55 +0200: Memory Usage (447640K) : Executing rule M5Fil.c
2025-09-02 16:29:55 +0200: Memory Usage (447640K) : Executing rule M5Fil.a2
2025-09-02 16:29:55 +0200: Memory Usage (447640K) : Starting 5.19. Via1 table
2025-09-02 16:29:55 +0200: Memory Usage (447640K) : Starting 5.19. Via1 table derivations
2025-09-02 16:29:55 +0200: Memory Usage (447640K) : Executing rule V1.a
2025-09-02 16:29:55 +0200: Memory Usage (447640K) : Executing rule V1.b
2025-09-02 16:29:55 +0200: Memory Usage (447640K) : Executing rule V1.c
2025-09-02 16:29:55 +0200: Memory Usage (447640K) : Starting 5.20. Vian table
2025-09-02 16:29:55 +0200: Memory Usage (447640K) : Executing rule V2.a
2025-09-02 16:29:55 +0200: Memory Usage (447640K) : Executing rule V2.b
2025-09-02 16:29:55 +0200: Memory Usage (447640K) : Executing rule V2.c
2025-09-02 16:29:55 +0200: Memory Usage (448348K) : Executing rule V3.a
2025-09-02 16:29:55 +0200: Memory Usage (451560K) : Executing rule V3.b
2025-09-02 16:29:55 +0200: Memory Usage (452436K) : Executing rule V3.c
2025-09-02 16:29:55 +0200: Memory Usage (459744K) : Executing rule V4.a
2025-09-02 16:29:55 +0200: Memory Usage (450736K) : Executing rule V4.b
2025-09-02 16:29:55 +0200: Memory Usage (450736K) : Executing rule V4.c
2025-09-02 16:29:56 +0200: Memory Usage (459976K) : Starting 5.21. TopVia1 table
2025-09-02 16:29:56 +0200: Memory Usage (459976K) : Executing rule TV1.a
2025-09-02 16:29:56 +0200: Memory Usage (460240K) : Executing rule TV1.b
2025-09-02 16:29:56 +0200: Memory Usage (460240K) : Executing rule TV1.c
2025-09-02 16:29:56 +0200: Memory Usage (460240K) : Executing rule TV1.d
2025-09-02 16:29:56 +0200: Memory Usage (460240K) : Starting 5.22. TopMetal1 table
2025-09-02 16:29:56 +0200: Memory Usage (460240K) : Executing rule TM1.a
2025-09-02 16:29:56 +0200: Memory Usage (460240K) : Executing rule TM1.b
2025-09-02 16:29:56 +0200: Memory Usage (460240K) : Starting 5.23 TopMetal1:filler table
2025-09-02 16:29:56 +0200: Memory Usage (460240K) : Executing rule TM1Fil.c
2025-09-02 16:29:56 +0200: Memory Usage (460240K) : Executing rule TM1Fil.a1
2025-09-02 16:29:56 +0200: Memory Usage (460240K) : Starting 5.24. TopVia2 table
2025-09-02 16:29:56 +0200: Memory Usage (460240K) : Executing rule TV2.a
2025-09-02 16:29:56 +0200: Memory Usage (460240K) : Executing rule TV2.b
2025-09-02 16:29:56 +0200: Memory Usage (460240K) : Executing rule TV2.c
2025-09-02 16:29:56 +0200: Memory Usage (460240K) : Executing rule TV2.d
2025-09-02 16:29:56 +0200: Memory Usage (460240K) : Starting 5.25. TopMetal2 table
2025-09-02 16:29:56 +0200: Memory Usage (460240K) : Executing rule TM2.a
2025-09-02 16:29:56 +0200: Memory Usage (460240K) : Executing rule TM2.b
2025-09-02 16:29:56 +0200: Memory Usage (460240K) : Executing rule TM2.bR
2025-09-02 16:29:56 +0200: Memory Usage (460240K) : Starting 5.26 TopMetal2:filler table
2025-09-02 16:29:56 +0200: Memory Usage (460240K) : Executing rule TM2Fil.c
2025-09-02 16:29:56 +0200: Memory Usage (460240K) : Executing rule TM2Fil.a1
2025-09-02 16:29:56 +0200: Memory Usage (460240K) : Starting 5.27. Passiv table
2025-09-02 16:29:56 +0200: Memory Usage (460240K) : Executing rule Pas.a
2025-09-02 16:29:56 +0200: Memory Usage (460240K) : Executing rule Pas.b
2025-09-02 16:29:56 +0200: Memory Usage (460240K) : Executing rule Pas.c
2025-09-02 16:29:56 +0200: Memory Usage (460240K) : Starting 6.1.3 NPN Substrate-Tie table
2025-09-02 16:29:56 +0200: Memory Usage (460240K) : Executing rule npn13G2.bR 
2025-09-02 16:29:56 +0200: Memory Usage (460240K) : Executing rule npn13G2L.cR 
2025-09-02 16:29:56 +0200: Memory Usage (460240K) : Executing rule npn13G2V.cR 
2025-09-02 16:29:56 +0200: Memory Usage (460240K) : Starting 6.7 Schottky diode table
2025-09-02 16:29:56 +0200: Memory Usage (460240K) : Executing rule Sdiod.d
2025-09-02 16:29:56 +0200: Memory Usage (460240K) : Executing rule Sdiod.e
2025-09-02 16:29:56 +0200: Memory Usage (460240K) : Starting 6.9.2 Copper Pillar table
2025-09-02 16:29:56 +0200: Memory Usage (460240K) : Executing rule Padc.a
2025-09-02 16:29:56 +0200: Memory Usage (460240K) : Executing rule Padc.b
2025-09-02 16:29:56 +0200: Memory Usage (460240K) : Executing rule Padc.c
2025-09-02 16:29:56 +0200: Memory Usage (460240K) : Executing rule Padb.f
2025-09-02 16:29:56 +0200: Memory Usage (460240K) : Starting 6.9 Pad table
2025-09-02 16:29:56 +0200: Memory Usage (460240K) : Executing rule Pad.m
2025-09-02 16:29:56 +0200: Memory Usage (460240K) : Executing rule Pad.fR_M1
2025-09-02 16:29:56 +0200: Memory Usage (460240K) : Executing rule Pad.fR_M2
2025-09-02 16:29:56 +0200: Memory Usage (460240K) : Executing rule Pad.fR_M3
2025-09-02 16:29:56 +0200: Memory Usage (460240K) : Executing rule Pad.fR_M4
2025-09-02 16:29:56 +0200: Memory Usage (460240K) : Executing rule Pad.fR_M5
2025-09-02 16:29:56 +0200: Memory Usage (460240K) : Executing rule Pad.fR_TM1
2025-09-02 16:29:56 +0200: Memory Usage (460240K) : Executing rule Pad.fR_TM2
2025-09-02 16:29:56 +0200: Memory Usage (460240K) : Executing rule Pad.i
2025-09-02 16:29:56 +0200: Memory Usage (460240K) : Starting 6.9.1 Solder Bump
2025-09-02 16:29:56 +0200: Memory Usage (460240K) : Executing rule Padb.a
2025-09-02 16:29:56 +0200: Memory Usage (460240K) : Executing rule Padb.b
2025-09-02 16:29:56 +0200: Memory Usage (460240K) : Executing rule Padb.c
2025-09-02 16:29:56 +0200: Memory Usage (460240K) : Executing rule Padb.f
2025-09-02 16:29:56 +0200: Memory Usage (460240K) : Executing rule Padb.d
2025-09-02 16:29:56 +0200: Memory Usage (460240K) : Starting 6.10 Sealring table
2025-09-02 16:29:56 +0200: Memory Usage (460240K) : Executing rule Seal.l
2025-09-02 16:29:58 +0200: Memory Usage (469504K) : Executing rule Seal.n
2025-09-02 16:29:58 +0200: Memory Usage (469504K) : Executing rule seal.b_metal1
2025-09-02 16:29:58 +0200: Memory Usage (469568K) : Executing rule seal.b_metal2
2025-09-02 16:29:58 +0200: Memory Usage (469568K) : Executing rule seal.b_metal3
2025-09-02 16:29:58 +0200: Memory Usage (469568K) : Executing rule seal.b_metal4
2025-09-02 16:29:58 +0200: Memory Usage (469568K) : Executing rule seal.b_metal5
2025-09-02 16:29:58 +0200: Memory Usage (469568K) : Executing rule seal.b_topmetal1
2025-09-02 16:29:58 +0200: Memory Usage (469568K) : Executing rule seal.b_topmetal2
2025-09-02 16:29:58 +0200: Memory Usage (469568K) : Executing rule seal.b_activ
2025-09-02 16:29:58 +0200: Memory Usage (469568K) : Executing rule seal.b_psd
2025-09-02 16:29:58 +0200: Memory Usage (469568K) : Executing rule Seal.k
2025-09-02 16:29:58 +0200: Memory Usage (469568K) : Executing rule Seal.m
2025-09-02 16:29:58 +0200: Memory Usage (469568K) : Starting 6.11 MIM table
2025-09-02 16:29:58 +0200: Memory Usage (469568K) : Executing rule MIM.c
2025-09-02 16:29:58 +0200: Memory Usage (469568K) : Executing rule MIM.d
2025-09-02 16:29:58 +0200: Memory Usage (470620K) : Executing rule MIM.gR
2025-09-02 16:29:58 +0200: Memory Usage (470620K) : Starting 7.2 Latch-up table
2025-09-02 16:29:58 +0200: Memory Usage (470620K) : Executing rule LU.b
2025-09-02 16:29:59 +0200: Memory Usage (470620K) : Starting 7.3 Metal Slits table
2025-09-02 16:29:59 +0200: Memory Usage (470620K) : Executing rule Slt.e1_M1
2025-09-02 16:29:59 +0200: Memory Usage (470620K) : Executing rule Slt.e1_M2
2025-09-02 16:29:59 +0200: Memory Usage (470620K) : Executing rule Slt.e1_M3
2025-09-02 16:29:59 +0200: Memory Usage (470620K) : Executing rule Slt.e1_M4
2025-09-02 16:29:59 +0200: Memory Usage (470620K) : Executing rule Slt.e1_M5
2025-09-02 16:29:59 +0200: Memory Usage (470620K) : Executing rule Slt.e1_TM1
2025-09-02 16:29:59 +0200: Memory Usage (470620K) : Executing rule Slt.e1_TM2
2025-09-02 16:29:59 +0200: Memory Usage (470620K) : Starting 7.4. PIN table
2025-09-02 16:29:59 +0200: Memory Usage (470620K) : Executing rule Pin.a
2025-09-02 16:29:59 +0200: Memory Usage (470620K) : Executing rule Pin.b
2025-09-02 16:29:59 +0200: Memory Usage (470620K) : Executing rule Pin.e
2025-09-02 16:29:59 +0200: Memory Usage (470620K) : Executing rule Pin.f_M2
2025-09-02 16:29:59 +0200: Memory Usage (470620K) : Executing rule Pin.f_M3
2025-09-02 16:29:59 +0200: Memory Usage (470620K) : Executing rule Pin.f_M4
2025-09-02 16:29:59 +0200: Memory Usage (470620K) : Executing rule Pin.f_M5
2025-09-02 16:29:59 +0200: Memory Usage (470620K) : Executing rule Pin.g
2025-09-02 16:29:59 +0200: Memory Usage (470620K) : Executing rule Pin.h
2025-09-02 16:29:59 +0200: Memory Usage (470620K) : Starting 9.1. LBE table
2025-09-02 16:29:59 +0200: Memory Usage (470620K) : Executing rule LBE.a
2025-09-02 16:29:59 +0200: Memory Usage (470620K) : Executing rule LBE.b
2025-09-02 16:29:59 +0200: Memory Usage (470620K) : Executing rule LBE.b1
2025-09-02 16:29:59 +0200: Memory Usage (470620K) : Executing rule LBE.c
2025-09-02 16:29:59 +0200: Memory Usage (470620K) : Executing rule LBE.d
2025-09-02 16:29:59 +0200: Memory Usage (470620K) : Executing rule LBE.h
2025-09-02 16:29:59 +0200: Memory Usage (470620K) : KLayout DRC run for table 'main' completed in 7.01 seconds
